0 info it worked if it ends with ok
1 verbose cli [ '/opt/nvm/versions/node/v8.11.3/bin/node',
1 verbose cli   '/opt/nvm/versions/node/v8.11.3/bin/npm',
1 verbose cli   'start' ]
2 info using npm@3.10.10
3 info using node@v8.11.3
4 verbose run-script [ 'prestart', 'start', 'poststart' ]
5 info lifecycle soumaisniteroi@1.0.0~prestart: soumaisniteroi@1.0.0
6 silly lifecycle soumaisniteroi@1.0.0~prestart: no script for prestart, continuing
7 info lifecycle soumaisniteroi@1.0.0~start: soumaisniteroi@1.0.0
8 verbose lifecycle soumaisniteroi@1.0.0~start: unsafe-perm in lifecycle true
9 verbose lifecycle soumaisniteroi@1.0.0~start: PATH: /opt/nvm/versions/node/v8.11.3/lib/node_modules/npm/bin/node-gyp-bin:/home/soumaisniteroi/apps_nodejs/smn_back/node_modules/.bin:/usr/local/php/7.2/bin:/opt/nvm/versions/node/v8.11.3/bin:/usr/local/bin:/bin:/usr/bin:/usr/local/sbin:/usr/sbin:/sbin:/home/soumaisniteroi/bin
10 verbose lifecycle soumaisniteroi@1.0.0~start: CWD: /home/soumaisniteroi/apps_nodejs/smn_back
11 silly lifecycle soumaisniteroi@1.0.0~start: Args: [ '-c', 'node index.js' ]
12 silly lifecycle soumaisniteroi@1.0.0~start: Returned: code: 1  signal: null
13 info lifecycle soumaisniteroi@1.0.0~start: Failed to exec start script
14 verbose stack Error: soumaisniteroi@1.0.0 start: `node index.js`
14 verbose stack Exit status 1
14 verbose stack     at EventEmitter.<anonymous> (/opt/nvm/versions/node/v8.11.3/lib/node_modules/npm/lib/utils/lifecycle.js:255:16)
14 verbose stack     at emitTwo (events.js:126:13)
14 verbose stack     at EventEmitter.emit (events.js:214:7)
14 verbose stack     at ChildProcess.<anonymous> (/opt/nvm/versions/node/v8.11.3/lib/node_modules/npm/lib/utils/spawn.js:40:14)
14 verbose stack     at emitTwo (events.js:126:13)
14 verbose stack     at ChildProcess.emit (events.js:214:7)
14 verbose stack     at maybeClose (internal/child_process.js:925:16)
14 verbose stack     at Process.ChildProcess._handle.onexit (internal/child_process.js:209:5)
15 verbose pkgid soumaisniteroi@1.0.0
16 verbose cwd /home/soumaisniteroi/apps_nodejs/smn_back
17 error Linux 4.4.158-1.el6.elrepo.x86_64
18 error argv "/opt/nvm/versions/node/v8.11.3/bin/node" "/opt/nvm/versions/node/v8.11.3/bin/npm" "start"
19 error node v8.11.3
20 error npm  v3.10.10
21 error code ELIFECYCLE
22 error soumaisniteroi@1.0.0 start: `node index.js`
22 error Exit status 1
23 error Failed at the soumaisniteroi@1.0.0 start script 'node index.js'.
23 error Make sure you have the latest version of node.js and npm installed.
23 error If you do, this is most likely a problem with the soumaisniteroi package,
23 error not with npm itself.
23 error Tell the author that this fails on your system:
23 error     node index.js
23 error You can get information on how to open an issue for this project with:
23 error     npm bugs soumaisniteroi
23 error Or if that isn't available, you can get their info via:
23 error     npm owner ls soumaisniteroi
23 error There is likely additional logging output above.
24 verbose exit [ 1, true ]
